  Building 'KernelModule' with toolset 'WindowsKernelModeDriver10.0' and the 'Universal' target platform.
  main.c
J:\_git\KernelExternal\KernelModule\main.c(168,62): error C2220: the following warning is treated as an error
J:\_git\KernelExternal\KernelModule\main.c(168,62): warning C4022: 'PsLookupProcessByProcessId': pointer mismatch for actual parameter 1
J:\_git\KernelExternal\KernelModule\main.c(187,125): warning C4047: 'function': 'PSIZE_T' differs in levels of indirection from 'PSIZE_T *'
J:\_git\KernelExternal\KernelModule\main.c(187,125): warning C4024: 'MmCopyVirtualMemory': different types for formal and actual parameter 7
J:\_git\KernelExternal\KernelModule\main.c(213,108): warning C4047: 'function': 'PSIZE_T' differs in levels of indirection from 'PSIZE_T *'
J:\_git\KernelExternal\KernelModule\main.c(213,108): warning C4024: 'MmCopyVirtualMemory': different types for formal and actual parameter 7
J:\_git\KernelExternal\KernelModule\main.c(392,1): warning C4133: 'initializing': incompatible types - from 'PIMAGE_NT_HEADERS' to 'PIMAGE_NT_HEADERS64'
J:\_git\KernelExternal\KernelModule\main.c(422,7): warning C4047: 'function': 'PVOID *' differs in levels of indirection from 'UINT64 *'
J:\_git\KernelExternal\KernelModule\main.c(422,7): warning C4022: 'BBScanSection': pointer mismatch for actual parameter 5
J:\_git\KernelExternal\KernelModule\main.c(437,7): warning C4047: 'function': 'PVOID *' differs in levels of indirection from 'UINT64 *'
J:\_git\KernelExternal\KernelModule\main.c(437,7): warning C4022: 'BBScanSection': pointer mismatch for actual parameter 5
J:\_git\KernelExternal\KernelModule\main.c(451,92): warning C4022: 'ResolveRelativeAddress': pointer mismatch for actual parameter 1
J:\_git\KernelExternal\KernelModule\main.c(461,84): warning C4022: 'ResolveRelativeAddress': pointer mismatch for actual parameter 1
J:\_git\KernelExternal\KernelModule\main.c(421,1): warning C4047: 'initializing': 'UINT64' differs in levels of indirection from 'void *'
J:\_git\KernelExternal\KernelModule\main.c(434,1): warning C4047: 'initializing': 'UINT64' differs in levels of indirection from 'void *'
J:\_git\KernelExternal\KernelModule\main.c(447,1): warning C4047: 'initializing': 'UINT64' differs in levels of indirection from 'void *'
J:\_git\KernelExternal\KernelModule\main.c(457,1): warning C4047: 'initializing': 'UINT64' differs in levels of indirection from 'void *'
J:\_git\KernelExternal\KernelModule\main.c(590,7): warning C4047: 'function': 'PVOID *' differs in levels of indirection from 'UINT64 *'
J:\_git\KernelExternal\KernelModule\main.c(590,7): warning C4022: 'BBScanSection': pointer mismatch for actual parameter 5
J:\_git\KernelExternal\KernelModule\main.c(599,7): warning C4047: 'function': 'PVOID *' differs in levels of indirection from 'UINT64 *'
J:\_git\KernelExternal\KernelModule\main.c(599,7): warning C4022: 'BBScanSection': pointer mismatch for actual parameter 5
J:\_git\KernelExternal\KernelModule\main.c(616,59): warning C4022: 'ResolveRelativeAddress': pointer mismatch for actual parameter 1
J:\_git\KernelExternal\KernelModule\main.c(625,66): warning C4022: 'ResolveRelativeAddress': pointer mismatch for actual parameter 1
J:\_git\KernelExternal\KernelModule\main.c(589,1): warning C4047: 'initializing': 'UINT64' differs in levels of indirection from 'void *'
J:\_git\KernelExternal\KernelModule\main.c(598,1): warning C4047: 'initializing': 'UINT64' differs in levels of indirection from 'void *'
J:\_git\KernelExternal\KernelModule\main.c(609,1): warning C4047: 'initializing': 'UINT64' differs in levels of indirection from 'void *'
J:\_git\KernelExternal\KernelModule\main.c(619,1): warning C4047: 'initializing': 'UINT64' differs in levels of indirection from 'void *'
J:\_git\KernelExternal\KernelModule\main.c(644,40): warning C4047: '==': 'int' differs in levels of indirection from 'void *'
J:\_git\KernelExternal\KernelModule\main.c(666,61): warning C4022: 'PsLookupProcessByProcessId': pointer mismatch for actual parameter 1
J:\_git\KernelExternal\KernelModule\main.c(670,57): warning C4022: 'WriteKernelMemory': pointer mismatch for actual parameter 2
J:\_git\KernelExternal\KernelModule\main.c(670,84): warning C4022: 'WriteKernelMemory': pointer mismatch for actual parameter 3
J:\_git\KernelExternal\KernelModule\main.c(670,102): warning C4242: 'function': conversion from 'ULONGLONG' to 'SIZE_T', possible loss of data
J:\_git\KernelExternal\KernelModule\main.c(676,18): warning C4098: 'DriverLoop': 'void' function returning a value
J:\_git\KernelExternal\KernelModule\main.c(685,40): warning C4047: '==': 'int' differs in levels of indirection from 'void *'
J:\_git\KernelExternal\KernelModule\main.c(705,60): warning C4022: 'PsLookupProcessByProcessId': pointer mismatch for actual parameter 1
J:\_git\KernelExternal\KernelModule\main.c(709,55): warning C4022: 'ReadKernelMemory': pointer mismatch for actual parameter 2
J:\_git\KernelExternal\KernelModule\main.c(709,85): warning C4242: 'function': conversion from 'ULONGLONG' to 'SIZE_T', possible loss of data
J:\_git\KernelExternal\KernelModule\main.c(715,18): warning C4098: 'DriverLoop': 'void' function returning a value
J:\_git\KernelExternal\KernelModule\main.c(735,40): warning C4047: '==': 'int' differs in levels of indirection from 'void *'
J:\_git\KernelExternal\KernelModule\main.c(752,40): warning C4047: '==': 'int' differs in levels of indirection from 'void *'
J:\_git\KernelExternal\KernelModule\main.c(767,52): warning C4022: 'PsLookupProcessByProcessId': pointer mismatch for actual parameter 1
J:\_git\KernelExternal\KernelModule\main.c(795,40): warning C4047: '==': 'int' differs in levels of indirection from 'void *'
J:\_git\KernelExternal\KernelModule\main.c(821,31): warning C4098: 'DriverLoop': 'void' function returning a value
J:\_git\KernelExternal\KernelModule\main.c(851,14): warning C4098: 'DriverLoop': 'void' function returning a value
J:\_git\KernelExternal\KernelModule\main.c(886,40): warning C4047: '==': 'int' differs in levels of indirection from 'void *'
J:\_git\KernelExternal\KernelModule\main.c(942,29): warning C4098: 'OpenEvents': 'void' function returning a value
J:\_git\KernelExternal\KernelModule\main.c(951,29): warning C4098: 'OpenEvents': 'void' function returning a value
J:\_git\KernelExternal\KernelModule\main.c(959,29): warning C4098: 'OpenEvents': 'void' function returning a value
J:\_git\KernelExternal\KernelModule\main.c(964,11): warning C4189: 'status': local variable is initialized but not referenced
J:\_git\KernelExternal\KernelModule\main.c(989,37): warning C4100: 'pDriverObject': unreferenced formal parameter
